C:\Program Files (x86)\MSBuild\Microsoft.Cpp\v4.0\Microsoft.CppBuild.targets(299,5): warning MSB8004: Output Directory does not end with a trailing slash.  This build instance will add the slash as it is required to allow proper evaluation of the Output Directory.
  texture.cpp
  smoke.cpp
  protocol.cpp
  points.cpp
  minimap.cpp
  message.cpp
  map.cpp
  main.cpp
  item.cpp
  hacker.cpp
  gobjname.cpp
  functions.cpp
  font.cpp
  fix.cpp
  encrypt.cpp
  definitions.cpp
  camera.cpp
  Generating Code...
C:\Program Files (x86)\MSBuild\Microsoft.Cpp\v4.0\Microsoft.CppBuild.targets(990,5): warning MSB8012: TargetPath(E:\thoung\1.02c Nova\main\DLLstart\Debug\DTserver.dll\DLLstart.dll) does not match the Linker's OutputFile property value (E:\thoung\1.02c Nova\main\DLLstart\Debug\DTserver.dll\DTserver.dll). This may cause your project to build incorrectly. To correct this, please make sure that $(OutDir), $(TargetName) and $(TargetExt) property values match the value specified in %(Link.OutputFile).
C:\Program Files (x86)\MSBuild\Microsoft.Cpp\v4.0\Microsoft.CppBuild.targets(992,5): warning MSB8012: TargetName(DLLstart) does not match the Linker's OutputFile property value (DTserver). This may cause your project to build incorrectly. To correct this, please make sure that $(OutDir), $(TargetName) and $(TargetExt) property values match the value specified in %(Link.OutputFile).
     Creating library E:\thoung\1.02c Nova\main\DLLstart\Debug\DTserver.dll\DLLstart.lib and object E:\thoung\1.02c Nova\main\DLLstart\Debug\DTserver.dll\DLLstart.exp
DLLstart.exp : warning LNK4070: /OUT:main.dll directive in .EXP differs from output filename 'E:\thoung\1.02c Nova\main\DLLstart\Debug\DTserver.dll\DTserver.dll'; ignoring directive
  DLLstart.vcxproj -> E:\thoung\1.02c Nova\main\DLLstart\Debug\DTserver.dll\DLLstart.dll
