E:\THOUNG\1.02C NOVA\MAIN\DLLSTART\DEBUG\CAMERA.OBJ
E:\thoung\1.02c Nova\main\DLLstart\Debug\cl.command.1.tlog
E:\thoung\1.02c Nova\main\DLLstart\Debug\CL.read.1.tlog
E:\thoung\1.02c Nova\main\DLLstart\Debug\CL.write.1.tlog
E:\THOUNG\1.02C NOVA\MAIN\DLLSTART\DEBUG\DEFINITIONS.OBJ
E:\THOUNG\1.02C NOVA\MAIN\DLLSTART\DEBUG\DLLSTART.DLL.INTERMEDIATE.MANIFEST
E:\thoung\1.02c Nova\main\DLLstart\Debug\DLLstart.write.1.tlog
E:\thoung\1.02c Nova\main\DLLstart\Debug\DTserver.dll\DLLstart.exp
E:\thoung\1.02c Nova\main\DLLstart\Debug\DTserver.dll\DLLstart.lib
E:\THOUNG\1.02C NOVA\MAIN\DLLSTART\DEBUG\DTSERVER.DLL\DLLSTART.PDB
E:\THOUNG\1.02C NOVA\MAIN\DLLSTART\DEBUG\DTSERVER.DLL\DTSERVER.DLL
E:\THOUNG\1.02C NOVA\MAIN\DLLSTART\DEBUG\DTSERVER.DLL\DTSERVER.ILK
E:\THOUNG\1.02C NOVA\MAIN\DLLSTART\DEBUG\ENCRYPT.OBJ
E:\THOUNG\1.02C NOVA\MAIN\DLLSTART\DEBUG\FIX.OBJ
E:\THOUNG\1.02C NOVA\MAIN\DLLSTART\DEBUG\FONT.OBJ
E:\THOUNG\1.02C NOVA\MAIN\DLLSTART\DEBUG\FUNCTIONS.OBJ
E:\THOUNG\1.02C NOVA\MAIN\DLLSTART\DEBUG\GOBJNAME.OBJ
E:\THOUNG\1.02C NOVA\MAIN\DLLSTART\DEBUG\HACKER.OBJ
E:\THOUNG\1.02C NOVA\MAIN\DLLSTART\DEBUG\ITEM.OBJ
E:\thoung\1.02c Nova\main\DLLstart\Debug\link.command.1.tlog
E:\thoung\1.02c Nova\main\DLLstart\Debug\link.read.1.tlog
E:\thoung\1.02c Nova\main\DLLstart\Debug\link.write.1.tlog
E:\THOUNG\1.02C NOVA\MAIN\DLLSTART\DEBUG\MAIN.OBJ
E:\THOUNG\1.02C NOVA\MAIN\DLLSTART\DEBUG\MAP.OBJ
E:\THOUNG\1.02C NOVA\MAIN\DLLSTART\DEBUG\MESSAGE.OBJ
E:\THOUNG\1.02C NOVA\MAIN\DLLSTART\DEBUG\MINIMAP.OBJ
E:\thoung\1.02c Nova\main\DLLstart\Debug\mt.command.1.tlog
E:\thoung\1.02c Nova\main\DLLstart\Debug\mt.read.1.tlog
E:\thoung\1.02c Nova\main\DLLstart\Debug\mt.write.1.tlog
E:\THOUNG\1.02C NOVA\MAIN\DLLSTART\DEBUG\POINTS.OBJ
E:\THOUNG\1.02C NOVA\MAIN\DLLSTART\DEBUG\PROTOCOL.OBJ
E:\THOUNG\1.02C NOVA\MAIN\DLLSTART\DEBUG\SMOKE.OBJ
E:\THOUNG\1.02C NOVA\MAIN\DLLSTART\DEBUG\TEXTURE.OBJ
E:\thoung\1.02c Nova\main\DLLstart\Debug\vc100.idb
E:\THOUNG\1.02C NOVA\MAIN\DLLSTART\DEBUG\VC100.PDB
