d:\thoung\1.02c nova\main\dllstart\debug\camera.obj
d:\thoung\1.02c nova\main\dllstart\debug\definitions.obj
d:\thoung\1.02c nova\main\dllstart\debug\encrypt.obj
d:\thoung\1.02c nova\main\dllstart\debug\fix.obj
d:\thoung\1.02c nova\main\dllstart\debug\font.obj
d:\thoung\1.02c nova\main\dllstart\debug\functions.obj
d:\thoung\1.02c nova\main\dllstart\debug\gobjname.obj
d:\thoung\1.02c nova\main\dllstart\debug\hacker.obj
d:\thoung\1.02c nova\main\dllstart\debug\item.obj
d:\thoung\1.02c nova\main\dllstart\debug\main.obj
d:\thoung\1.02c nova\main\dllstart\debug\map.obj
d:\thoung\1.02c nova\main\dllstart\debug\message.obj
d:\thoung\1.02c nova\main\dllstart\debug\minimap.obj
d:\thoung\1.02c nova\main\dllstart\debug\points.obj
d:\thoung\1.02c nova\main\dllstart\debug\protocol.obj
d:\thoung\1.02c nova\main\dllstart\debug\smoke.obj
d:\thoung\1.02c nova\main\dllstart\debug\texture.obj
d:\thoung\1.02c nova\main\dllstart\debug\vc100.pdb
d:\thoung\1.02c nova\main\dllstart\debug\dtserver.dll\dllstart.lib
d:\thoung\1.02c nova\main\dllstart\debug\dtserver.dll\dllstart.exp
d:\thoung\1.02c nova\main\dllstart\debug\dtserver.dll\dtserver.ilk
d:\thoung\1.02c nova\main\dllstart\debug\dtserver.dll\dtserver.dll
d:\thoung\1.02c nova\main\dllstart\debug\dllstart.dll.intermediate.manifest
d:\thoung\1.02c nova\main\dllstart\debug\dtserver.dll\dllstart.pdb
e:\thoung\1.02c nova\main\dllstart\debug\camera.obj
e:\thoung\1.02c nova\main\dllstart\debug\definitions.obj
e:\thoung\1.02c nova\main\dllstart\debug\encrypt.obj
e:\thoung\1.02c nova\main\dllstart\debug\fix.obj
e:\thoung\1.02c nova\main\dllstart\debug\font.obj
e:\thoung\1.02c nova\main\dllstart\debug\functions.obj
e:\thoung\1.02c nova\main\dllstart\debug\gobjname.obj
e:\thoung\1.02c nova\main\dllstart\debug\hacker.obj
e:\thoung\1.02c nova\main\dllstart\debug\item.obj
e:\thoung\1.02c nova\main\dllstart\debug\main.obj
e:\thoung\1.02c nova\main\dllstart\debug\map.obj
e:\thoung\1.02c nova\main\dllstart\debug\message.obj
e:\thoung\1.02c nova\main\dllstart\debug\minimap.obj
e:\thoung\1.02c nova\main\dllstart\debug\points.obj
e:\thoung\1.02c nova\main\dllstart\debug\protocol.obj
e:\thoung\1.02c nova\main\dllstart\debug\smoke.obj
e:\thoung\1.02c nova\main\dllstart\debug\texture.obj
e:\thoung\1.02c nova\main\dllstart\debug\cl.command.1.tlog
e:\thoung\1.02c nova\main\dllstart\debug\cl.read.1.tlog
e:\thoung\1.02c nova\main\dllstart\debug\cl.write.1.tlog
e:\thoung\1.02c nova\main\dllstart\debug\dllstart.write.1.tlog
e:\thoung\1.02c nova\main\dllstart\debug\link.command.1.tlog
e:\thoung\1.02c nova\main\dllstart\debug\link.read.1.tlog
e:\thoung\1.02c nova\main\dllstart\debug\link.write.1.tlog
e:\thoung\1.02c nova\main\dllstart\debug\mt.command.1.tlog
e:\thoung\1.02c nova\main\dllstart\debug\mt.read.1.tlog
e:\thoung\1.02c nova\main\dllstart\debug\mt.write.1.tlog
e:\thoung\1.02c nova\main\dllstart\debug\dllstart.dll.intermediate.manifest
e:\thoung\1.02c nova\main\dllstart\debug\vc100.idb
e:\thoung\1.02c nova\main\dllstart\debug\vc100.pdb
e:\thoung\1.02c nova\main\dllstart\debug\dtserver.dll\dllstart.pdb
