D:\THOUNG\1.02C NOVA\GAMESERVER\DLLSTART\DEBUG\_START.DLL\_START.DLL
D:\THOUNG\1.02C NOVA\GAMESERVER\DLLSTART\DEBUG\_START.DLL\_START.ILK
D:\thoung\1.02c Nova\gameserver\DLLstart\Debug\_start.dll\DLLstart.exp
D:\thoung\1.02c Nova\gameserver\DLLstart\Debug\_start.dll\DLLstart.lib
D:\THOUNG\1.02C NOVA\GAMESERVER\DLLSTART\DEBUG\_START.DLL\DLLSTART.PDB
D:\THOUNG\1.02C NOVA\GAMESERVER\DLLSTART\DLLSTART\DEBUG\BLOODCASTLE.OBJ
D:\THOUNG\1.02C NOVA\GAMESERVER\DLLSTART\DLLSTART\DEBUG\CHAOSCASTLE.OBJ
D:\THOUNG\1.02C NOVA\GAMESERVER\DLLSTART\DLLSTART\DEBUG\CHARACTER.OBJ
D:\thoung\1.02c Nova\gameserver\DLLstart\DLLstart\Debug\cl.command.1.tlog
D:\thoung\1.02c Nova\gameserver\DLLstart\DLLstart\Debug\CL.read.1.tlog
D:\thoung\1.02c Nova\gameserver\DLLstart\DLLstart\Debug\CL.write.1.tlog
D:\THOUNG\1.02C NOVA\GAMESERVER\DLLSTART\DLLSTART\DEBUG\COMMANDS.OBJ
D:\THOUNG\1.02C NOVA\GAMESERVER\DLLSTART\DLLSTART\DEBUG\CONFIGS.OBJ
D:\THOUNG\1.02C NOVA\GAMESERVER\DLLSTART\DLLSTART\DEBUG\DEFINITIONS.OBJ
D:\THOUNG\1.02C NOVA\GAMESERVER\DLLSTART\DLLSTART\DEBUG\DEVILSQUARE.OBJ
D:\THOUNG\1.02C NOVA\GAMESERVER\DLLSTART\DLLSTART\DEBUG\DLLSTART.DLL.INTERMEDIATE.MANIFEST
D:\thoung\1.02c Nova\gameserver\DLLstart\DLLstart\Debug\DLLstart.write.1.tlog
D:\THOUNG\1.02C NOVA\GAMESERVER\DLLSTART\DLLSTART\DEBUG\DSPROTOCOL.OBJ
D:\THOUNG\1.02C NOVA\GAMESERVER\DLLSTART\DLLSTART\DEBUG\ENCRYPT.OBJ
D:\THOUNG\1.02C NOVA\GAMESERVER\DLLSTART\DLLSTART\DEBUG\EXPERIENCE.OBJ
D:\THOUNG\1.02C NOVA\GAMESERVER\DLLSTART\DLLSTART\DEBUG\FIX.OBJ
D:\THOUNG\1.02C NOVA\GAMESERVER\DLLSTART\DLLSTART\DEBUG\FUNCTIONS.OBJ
D:\THOUNG\1.02C NOVA\GAMESERVER\DLLSTART\DLLSTART\DEBUG\GMSYSTEM.OBJ
D:\THOUNG\1.02C NOVA\GAMESERVER\DLLSTART\DLLSTART\DEBUG\GOBJLEVELUPPOINTADD.OBJ
D:\THOUNG\1.02C NOVA\GAMESERVER\DLLSTART\DLLSTART\DEBUG\GOBJREMADE.OBJ
D:\THOUNG\1.02C NOVA\GAMESERVER\DLLSTART\DLLSTART\DEBUG\GSCLIENT.OBJ
D:\thoung\1.02c Nova\gameserver\DLLstart\DLLstart\Debug\link.command.1.tlog
D:\thoung\1.02c Nova\gameserver\DLLstart\DLLstart\Debug\link.read.1.tlog
D:\thoung\1.02c Nova\gameserver\DLLstart\DLLstart\Debug\link.write.1.tlog
D:\THOUNG\1.02C NOVA\GAMESERVER\DLLSTART\DLLSTART\DEBUG\MAIN.OBJ
D:\THOUNG\1.02C NOVA\GAMESERVER\DLLSTART\DLLSTART\DEBUG\MESSAGE.OBJ
D:\thoung\1.02c Nova\gameserver\DLLstart\DLLstart\Debug\mt.command.1.tlog
D:\thoung\1.02c Nova\gameserver\DLLstart\DLLstart\Debug\mt.read.1.tlog
D:\thoung\1.02c Nova\gameserver\DLLstart\DLLstart\Debug\mt.write.1.tlog
D:\THOUNG\1.02C NOVA\GAMESERVER\DLLSTART\DLLSTART\DEBUG\NOTICE.OBJ
D:\THOUNG\1.02C NOVA\GAMESERVER\DLLSTART\DLLSTART\DEBUG\NPCTALK.OBJ
D:\THOUNG\1.02C NOVA\GAMESERVER\DLLSTART\DLLSTART\DEBUG\OBJECTSTRUCT.OBJ
D:\THOUNG\1.02C NOVA\GAMESERVER\DLLSTART\DLLSTART\DEBUG\PROTOCOL.OBJ
D:\THOUNG\1.02C NOVA\GAMESERVER\DLLSTART\DLLSTART\DEBUG\RESET.OBJ
D:\THOUNG\1.02C NOVA\GAMESERVER\DLLSTART\DLLSTART\DEBUG\SHOP.OBJ
D:\thoung\1.02c Nova\gameserver\DLLstart\DLLstart\Debug\vc100.idb
D:\THOUNG\1.02C NOVA\GAMESERVER\DLLSTART\DLLSTART\DEBUG\VC100.PDB
