C:\Program Files (x86)\MSBuild\Microsoft.Cpp\v4.0\Microsoft.CppBuild.targets(299,5): warning MSB8004: Output Directory does not end with a trailing slash.  This build instance will add the slash as it is required to allow proper evaluation of the Output Directory.
  shop.cpp
  reset.cpp
  protocol.cpp
  objectstruct.cpp
  npctalk.cpp
  notice.cpp
  message.cpp
  main.cpp
  gsclient.cpp
  gobjremade.cpp
  gobjleveluppointadd.cpp
  gmsystem.cpp
  functions.cpp
  fix.cpp
  experience.cpp
  encrypt.cpp
  dsprotocol.cpp
  devilsquare.cpp
  definitions.cpp
  configs.cpp
  Generating Code...
  Compiling...
  commands.cpp
  character.cpp
  chaoscastle.cpp
  bloodcastle.cpp
  Generating Code...
C:\Program Files (x86)\MSBuild\Microsoft.Cpp\v4.0\Microsoft.CppBuild.targets(990,5): warning MSB8012: TargetPath(D:\thoung\1.02c Nova\gameserver\DLLstart\Debug\_start.dll\DLLstart.dll) does not match the Linker's OutputFile property value (D:\thoung\1.02c Nova\gameserver\DLLstart\Debug\_start.dll\_start.dll). This may cause your project to build incorrectly. To correct this, please make sure that $(OutDir), $(TargetName) and $(TargetExt) property values match the value specified in %(Link.OutputFile).
C:\Program Files (x86)\MSBuild\Microsoft.Cpp\v4.0\Microsoft.CppBuild.targets(992,5): warning MSB8012: TargetName(DLLstart) does not match the Linker's OutputFile property value (_start). This may cause your project to build incorrectly. To correct this, please make sure that $(OutDir), $(TargetName) and $(TargetExt) property values match the value specified in %(Link.OutputFile).
     Creating library D:\thoung\1.02c Nova\gameserver\DLLstart\Debug\_start.dll\DLLstart.lib and object D:\thoung\1.02c Nova\gameserver\DLLstart\Debug\_start.dll\DLLstart.exp
  DLLstart.vcxproj -> D:\thoung\1.02c Nova\gameserver\DLLstart\Debug\_start.dll\DLLstart.dll
